
test different angles
iter 0: 
 8[  0.   0.   5. 114. 132.  42.   3.]
 2[ 0. 70. 33. 47. 32. 33. 18.]
 5[22. 34. 38. 47. 37. 50. 21.]
 1[  0.   0.  49. 105. 115.   4.   4.]
 4[24. 42. 44. 45. 40. 39. 31.]
 6[25. 45. 50. 45. 45. 44. 22.]
 3[26. 40. 44. 39. 39. 42. 15.]
 7[ 0. 29. 33. 42. 41. 85. 19.]
 0[  0.  28.   0. 255.   0.  39.   0.]

test different positions
iter 0: 
 2[ 32.   0. 268.   0.  30.   0.   0.]
 1[  0. 268.   0.  35.   0.   0.   0.]
 3[  0.  43.   0. 271.   0.  27.   0.]
 5[  0.   0.   0.  34.   0. 265.   0.]
 6[  0.   0.   0.   0.  35.   0. 234.]
 0[238.   0.  32.   0.   0.   0.   0.]
 4[  0.   0.  27.   0. 260.   0.  32.]
