
train layer 1
[1. 1.] [0, array([0., 0.], dtype=float32)]
[1. 0.] [0, array([0., 1.], dtype=float32)]
[0. 1.] [0, array([1., 0.], dtype=float32)]
[0. 0.] [0, array([0., 0.], dtype=float32)]
iter 0:
 1, 1: [ 88. 106.], [0. 0.]
 0, 0: [0. 0.], [0. 0.]
 1, 0: [  0. 208.], [0. 0.]
 0, 1: [192.   0.], [0. 0.]
iter 0:
 0, 0: [0. 0.]
 1, 1: [0. 0.]
 1, 0: [0. 0.]
 0, 1: [0. 0.]
iter 1:
 0, 1: [68.  0.], [0. 0.]
 0, 0: [0. 0.], [0. 0.]
 1, 0: [  0. 184.], [ 0. 54.]
 1, 1: [0. 0.], [0. 0.]
iter 0:
 1, 1: [0. 0.]
 1, 0: [ 0. 66.]
 0, 1: [0. 0.]
 0, 0: [0. 0.]
iter 2:
 0, 0: [0. 0.], [0. 0.]
 0, 1: [66.  0.], [0. 0.]
 1, 0: [  0. 612.], [378. 450.]
 1, 1: [88. 66.], [600. 570.]
iter 0:
 0, 1: [470. 402.]
 0, 0: [350. 356.]
 1, 1: [552. 556.]
 1, 0: [376. 436.]
iter 3:
 0, 1: [972.   0.], [524. 372.]
 1, 0: [  0. 966.], [390. 510.]
 1, 1: [34. 54.], [538. 520.]
 0, 0: [0. 0.], [282. 276.]
iter 0:
 0, 0: [272. 304.]
 1, 1: [560. 516.]
 0, 1: [460. 382.]
 1, 0: [454. 578.]
iter 4:
 1, 0: [  0. 950.], [340. 436.]
 1, 1: [30. 26.], [324. 422.]
 0, 1: [924.   0.], [468. 382.]
 0, 0: [0. 0.], [278. 264.]
iter 0:
 0, 1: [488. 390.]
 1, 0: [416. 566.]
 1, 1: [496. 504.]
 0, 0: [284. 304.]
iter 5:
 1, 1: [60. 64.], [0. 0.]
 0, 0: [0. 0.], [0. 0.]
 0, 1: [390.   0.], [394. 210.]
 1, 0: [  0. 914.], [414. 514.]
iter 0:
 1, 1: [576. 568.]
 0, 1: [504. 404.]
 1, 0: [404. 482.]
 0, 0: [326. 348.]
iter 6:
 0, 1: [926.   0.], [524. 430.]
 0, 0: [0. 0.], [304. 304.]
 1, 1: [118. 120.], [156. 262.]
 1, 0: [  0. 866.], [368. 458.]
iter 0:
 1, 0: [362. 486.]
 0, 0: [256. 286.]
 1, 1: [536. 564.]
 0, 1: [474. 370.]
iter 7:
 0, 1: [966.   0.], [474. 410.]
 1, 0: [  4. 950.], [336. 388.]
 1, 1: [20. 52.], [350. 372.]
 0, 0: [0. 0.], [212. 162.]
iter 0:
 0, 1: [390. 144.]
 1, 1: [368. 358.]
 1, 0: [104. 400.]
 0, 0: [220. 188.]
iter 8:
 0, 0: [0. 0.], [208. 170.]
 0, 1: [896.   0.], [486. 408.]
 1, 0: [  0. 938.], [426. 560.]
 1, 1: [42. 36.], [138. 208.]
iter 0:
 0, 0: [132.  64.]
 1, 0: [ 20. 262.]
 1, 1: [216. 150.]
 0, 1: [336.  16.]
iter 9:
 1, 1: [0. 0.], [190. 146.]
 0, 1: [810.   0.], [470. 342.]
 0, 0: [0. 0.], [258. 258.]
 1, 0: [  0. 984.], [472. 546.]
iter 0:
 1, 0: [402.      501.99997]
 0, 0: [282. 278.]
 0, 1: [468. 362.]
 1, 1: [562. 562.]
iter 10:
 1, 0: [  0. 970.], [366. 486.]
 0, 1: [988.   0.], [478. 418.]
 1, 1: [122. 106.], [0. 0.]
 0, 0: [0. 0.], [0. 0.]
iter 0:
 1, 1: [0. 0.]
 0, 0: [0. 0.]
 1, 0: [0. 0.]
 0, 1: [0. 0.]
iter 11:
 0, 1: [226.   0.], [0. 0.]
 0, 0: [0. 0.], [0. 0.]
 1, 0: [  0. 130.], [0. 0.]
 1, 1: [0. 0.], [0. 0.]
iter 0:
 0, 0: [0. 0.]
 1, 0: [0. 0.]
 1, 1: [0. 0.]
 0, 1: [0. 0.]
iter 12:
 1, 0: [  0. 136.], [0. 0.]
 0, 0: [0. 0.], [0. 0.]
 0, 1: [112.   0.], [0. 0.]
 1, 1: [0. 0.], [0. 0.]
iter 0:
 1, 0: [0. 0.]
 0, 1: [0. 0.]
 0, 0: [0. 0.]
 1, 1: [0. 0.]
iter 13:
 1, 1: [0. 0.], [0. 0.]
 0, 1: [240.   0.], [376. 216.]
 0, 0: [0. 0.], [174. 166.]
 1, 0: [  0. 934.], [380. 442.]
iter 0:
 0, 0: [308. 316.]
 0, 1: [474. 408.]
 1, 0: [362. 438.]
 1, 1: [616. 624.]
iter 14:
 1, 0: [  0. 954.], [406. 454.]
 0, 0: [0. 0.], [330. 308.]
 0, 1: [988.   0.], [460. 342.]
 1, 1: [64. 76.], [374. 412.]
iter 0:
 0, 0: [170. 242.]
 1, 1: [358. 330.]
 1, 0: [184. 442.]
 0, 1: [394. 220.]
iter 15:
 1, 0: [  0. 920.], [386. 494.]
 1, 1: [56. 52.], [0. 0.]
 0, 1: [362.   0.], [410. 108.]
 0, 0: [0. 0.], [162. 184.]
iter 0:
 1, 0: [190. 330.]
 1, 1: [402. 284.]
 0, 1: [344. 124.]
 0, 0: [156. 220.]
iter 16:
 1, 1: [0. 2.], [354. 338.]
 0, 0: [0. 0.], [168. 156.]
 1, 0: [  0. 938.], [352. 468.]
 0, 1: [988.   2.], [470. 366.]
iter 0:
 0, 0: [268. 270.]
 1, 0: [420. 512.]
 0, 1: [508.00003 380.     ]
 1, 1: [532. 510.]
iter 17:
 1, 0: [  0. 988.], [436.      505.99997]
 0, 0: [0. 0.], [344. 334.]
 1, 1: [76. 50.], [0. 0.]
 0, 1: [342.   0.], [366.  86.]
iter 0:
 1, 0: [ 84. 406.]
 1, 1: [326. 316.]
 0, 0: [160. 170.]
 0, 1: [346.  98.]
iter 18:
 1, 0: [  0. 834.], [378. 464.]
 0, 0: [0. 0.], [334. 374.]
 0, 1: [942.   0.], [492. 404.]
 1, 1: [100.  96.], [ 8. 22.]
iter 0:
 1, 0: [  0. 136.]
 0, 0: [ 0. 12.]
 0, 1: [100.   0.]
 1, 1: [ 8. 16.]

train layer 2
[1. 1.] [0, array([0., 0.], dtype=float32), 0.0]
[1. 0.] [0, array([0., 1.], dtype=float32), 1.0]
[0. 1.] [0, array([1., 0.], dtype=float32), 1.0]
[0. 0.] [0, array([0., 0.], dtype=float32), 0.0]
iter 0:
 1, 0: [1222.], [118.]
 1, 1: [0.], [18.]
 0, 1: [1132.], [206.]
 0, 0: [0.], [28.]
iter 0:
 0, 1: [138.]
 1, 1: [68.]
 0, 0: [14.]
 1, 0: [98.]
iter 1:
 1, 0: [1130.], [196.]
 0, 0: [0.], [10.]
 1, 1: [0.], [28.]
 0, 1: [1072.], [92.]
iter 0:
 1, 0: [148.]
 0, 1: [154.]
 1, 1: [36.]
 0, 0: [38.]
iter 2:
 1, 1: [0.], [42.]
 1, 0: [1034.], [120.]
 0, 1: [1088.], [136.]
 0, 0: [0.], [54.]
iter 0:
 1, 1: [64.]
 1, 0: [194.]
 0, 1: [232.]
 0, 0: [40.]
iter 3:
 1, 0: [1060.], [98.]
 0, 1: [1162.], [280.]
 0, 0: [0.], [30.]
 1, 1: [0.], [60.]
iter 0:
 1, 1: [50.]
 1, 0: [154.]
 0, 1: [188.]
 0, 0: [18.]
iter 4:
 0, 1: [1212.], [156.]
 0, 0: [0.], [36.]
 1, 1: [0.], [0.]
 1, 0: [1044.], [96.]
iter 0:
 1, 1: [24.]
 1, 0: [120.]
 0, 0: [76.]
 0, 1: [62.]

test
iter 0:
 0, 1: [160.]
 0, 0: [34.]
 1, 0: [172.]
 1, 1: [35.]
iter 1:
 0, 0: [38.]
 0, 1: [178.]
 1, 1: [33.]
 1, 0: [124.]
iter 2:
 1, 0: [184.]
 0, 1: [195.]
 1, 1: [34.]
 0, 0: [51.]
iter 3:
 1, 1: [29.]
 1, 0: [158.]
 0, 1: [170.]
 0, 0: [21.]
iter 4:
 1, 1: [46.]
 1, 0: [202.]
 0, 0: [38.]
 0, 1: [121.]
iter 5:
 0, 1: [178.]
 1, 1: [44.]
 1, 0: [148.]
 0, 0: [22.]
iter 6:
 1, 0: [148.]
 0, 0: [30.]
 0, 1: [221.]
 1, 1: [27.]
iter 7:
 1, 0: [178.]
 1, 1: [23.]
 0, 0: [20.]
 0, 1: [163.]
iter 8:
 1, 0: [208.]
 0, 1: [88.]
 0, 0: [58.]
 1, 1: [50.]
iter 9:
 1, 1: [59.]
 1, 0: [128.]
 0, 1: [175.]
 0, 0: [15.]
iter 10:
 1, 1: [50.]
 1, 0: [81.]
 0, 1: [183.]
 0, 0: [12.]
iter 11:
 1, 1: [43.]
 0, 0: [50.]
 1, 0: [194.]
 0, 1: [134.]
iter 12:
 1, 1: [14.]
 1, 0: [114.]
 0, 0: [31.]
 0, 1: [182.]
iter 13:
 1, 1: [21.]
 0, 0: [25.]
 0, 1: [143.]
 1, 0: [189.]
iter 14:
 1, 0: [190.]
 0, 0: [30.]
 1, 1: [35.]
 0, 1: [202.]
iter 15:
 0, 0: [53.]
 0, 1: [186.]
 1, 0: [168.]
 1, 1: [32.]
iter 16:
 0, 1: [161.]
 1, 0: [133.]
 0, 0: [29.]
 1, 1: [73.]
iter 17:
 1, 0: [219.]
 0, 0: [59.]
 1, 1: [25.]
 0, 1: [186.]
iter 18:
 1, 1: [39.]
 0, 0: [63.]
 1, 0: [167.]
 0, 1: [102.]
iter 19:
 1, 0: [131.]
 0, 1: [212.]
 1, 1: [76.]
 0, 0: [44.]
iter 20:
 0, 0: [37.]
 1, 1: [36.]
 0, 1: [144.]
 1, 0: [245.]
iter 21:
 1, 0: [190.]
 0, 1: [81.]
 0, 0: [47.]
 1, 1: [41.]
iter 22:
 0, 0: [43.]
 0, 1: [130.]
 1, 0: [198.]
 1, 1: [73.]
iter 23:
 1, 1: [21.]
 0, 1: [147.]
 0, 0: [9.]
 1, 0: [151.]
iter 24:
 1, 0: [141.]
 0, 1: [137.]
 0, 0: [27.]
 1, 1: [38.]
iter 25:
 1, 0: [155.]
 1, 1: [49.]
 0, 0: [21.]
 0, 1: [179.]
iter 26:
 0, 0: [26.]
 0, 1: [194.]
 1, 0: [193.]
 1, 1: [51.]
iter 27:
 1, 0: [156.]
 0, 0: [46.]
 1, 1: [26.]
 0, 1: [210.]
iter 28:
 0, 0: [36.]
 0, 1: [151.]
 1, 1: [12.]
 1, 0: [125.]
iter 29:
 1, 1: [48.]
 1, 0: [164.]
 0, 1: [168.]
 0, 0: [55.]
iter 30:
 1, 1: [24.]
 1, 0: [135.]
 0, 0: [36.]
 0, 1: [154.]
iter 31:
 1, 0: [92.]
 0, 0: [50.]
 1, 1: [18.]
 0, 1: [166.]
iter 32:
 0, 0: [31.]
 1, 1: [27.]
 1, 0: [174.]
 0, 1: [136.]
iter 33:
 0, 0: [29.]
 1, 0: [147.]
 1, 1: [33.]
 0, 1: [159.]
iter 34:
 1, 0: [153.]
 0, 0: [17.]
 0, 1: [131.]
 1, 1: [35.]
iter 35:
 0, 1: [103.]
 1, 1: [37.]
 0, 0: [41.]
 1, 0: [173.]
iter 36:
 0, 0: [39.]
 0, 1: [151.]
 1, 0: [122.]
 1, 1: [54.]
iter 37:
 0, 0: [30.]
 0, 1: [166.]
 1, 1: [14.]
 1, 0: [102.]
iter 38:
 0, 1: [97.]
 0, 0: [18.]
 1, 0: [133.]
 1, 1: [39.]
iter 39:
 1, 0: [174.]
 0, 0: [10.]
 1, 1: [25.]
 0, 1: [126.]
iter 40:
 1, 1: [48.]
 1, 0: [167.]
 0, 0: [38.]
 0, 1: [103.]
iter 41:
 0, 0: [55.]
 1, 1: [16.]
 1, 0: [138.]
 0, 1: [165.]
iter 42:
 0, 1: [211.]
 0, 0: [61.]
 1, 1: [55.]
 1, 0: [147.]
iter 43:
 1, 0: [131.]
 0, 1: [206.]
 0, 0: [24.]
 1, 1: [46.]
iter 44:
 0, 0: [47.]
 1, 1: [20.]
 0, 1: [229.]
 1, 0: [139.]
iter 45:
 1, 1: [55.]
 0, 0: [21.]
 1, 0: [202.]
 0, 1: [187.]
iter 46:
 1, 1: [45.]
 1, 0: [161.]
 0, 1: [154.]
 0, 0: [24.]
iter 47:
 1, 1: [43.]
 0, 0: [40.]
 0, 1: [115.]
 1, 0: [126.]
iter 48:
 1, 0: [147.]
 0, 0: [57.]
 1, 1: [19.]
 0, 1: [172.]
iter 49:
 0, 1: [158.]
 1, 1: [42.]
 0, 0: [41.]
 1, 0: [152.]
